Traceback (most recent call last):
  File "/home0/jnschmid/.conda/envs/mbsae4me/lib/python3.8/site-packages/jupyter_cache/executors/utils.py", line 58, in single_nb_execution
    executenb(
  File "/home0/jnschmid/.conda/envs/mbsae4me/lib/python3.8/site-packages/nbclient/client.py", line 1204, in execute
    return NotebookClient(nb=nb, resources=resources, km=km, **kwargs).execute()
  File "/home0/jnschmid/.conda/envs/mbsae4me/lib/python3.8/site-packages/nbclient/util.py", line 84, in wrapped
    return just_run(coro(*args, **kwargs))
  File "/home0/jnschmid/.conda/envs/mbsae4me/lib/python3.8/site-packages/nbclient/util.py", line 62, in just_run
    return loop.run_until_complete(coro)
  File "/home0/jnschmid/.conda/envs/mbsae4me/lib/python3.8/asyncio/base_events.py", line 616, in run_until_complete
    return future.result()
  File "/home0/jnschmid/.conda/envs/mbsae4me/lib/python3.8/site-packages/nbclient/client.py", line 663, in async_execute
    await self.async_execute_cell(
  File "/home0/jnschmid/.conda/envs/mbsae4me/lib/python3.8/site-packages/nbclient/client.py", line 965, in async_execute_cell
    await self._check_raise_for_error(cell, cell_index, exec_reply)
  File "/home0/jnschmid/.conda/envs/mbsae4me/lib/python3.8/site-packages/nbclient/client.py", line 862, in _check_raise_for_error
    raise CellExecutionError.from_cell_and_msg(cell, exec_reply_content)
nbclient.exceptions.CellExecutionError: An error occurred while executing the following cell:
------------------
from uqpce import UQPCEGroup, interface

prob = om.Problem()

prob.model.add_subsystem(
    'parab', 
    Paraboloid(vec_size=samp_count), 
    promotes_inputs=['uncerta', 'uncertb', 'desx', 'desy'], 
    promotes_outputs=['f_abxy']
)

prob.model.add_subsystem(
    'uq',
    UQPCEGroup(
        significance=pce.significance, var_basis=pce.var_basis, 
        norm_sq=pce.norm_sq, resampled_var_basis=pce.resampled_var_basis, 
        tail='both', epistemic_cnt=epist_cnt, aleatory_cnt=aleat_cnt,
        uncert_list=['f_abxy'], tanh_omega=0.0001
    ),
    promotes_inputs=['f_abxy'], 
    promotes_outputs=[
        'f_abxy:ci_lower', 'f_abxy:ci_upper', 'f_abxy:variance', 'f_abxy:mean'
    ]
)

# Set up the optimization
prob.driver = om.ScipyOptimizeDriver()
prob.driver.options['optimizer'] = 'SLSQP'

prob.model.add_design_var('desx', lower=-10, upper=10)
prob.model.add_design_var('desy', lower=-10, upper=10)
prob.model.add_objective('f_abxy:ci_upper')

prob.setup()

prob.set_val('desx', 1)
prob.set_val('desy', 0.4)

interface.set_vals(prob, pce.variables, Xt)

prob.run_driver()

print('Design variable `desx` is: ', prob.get_val('desx')[0])
print('Design variable `desy` is: ', prob.get_val('desy')[0])
------------------

[0;31m---------------------------------------------------------------------------[0m
[0;31mModuleNotFoundError[0m                       Traceback (most recent call last)
Cell [0;32mIn[4], line 3[0m
[1;32m      1[0m [38;5;28;01mfrom[39;00m[38;5;250m [39m[38;5;21;01muqpce[39;00m[38;5;250m [39m[38;5;28;01mimport[39;00m UQPCEGroup, interface
[0;32m----> 3[0m prob [38;5;241m=[39m [43mom[49m[38;5;241;43m.[39;49m[43mProblem[49m[43m([49m[43m)[49m
[1;32m      5[0m prob[38;5;241m.[39mmodel[38;5;241m.[39madd_subsystem(
[1;32m      6[0m     [38;5;124m'[39m[38;5;124mparab[39m[38;5;124m'[39m, 
[1;32m      7[0m     Paraboloid(vec_size[38;5;241m=[39msamp_count), 
[1;32m      8[0m     promotes_inputs[38;5;241m=[39m[[38;5;124m'[39m[38;5;124muncerta[39m[38;5;124m'[39m, [38;5;124m'[39m[38;5;124muncertb[39m[38;5;124m'[39m, [38;5;124m'[39m[38;5;124mdesx[39m[38;5;124m'[39m, [38;5;124m'[39m[38;5;124mdesy[39m[38;5;124m'[39m], 
[1;32m      9[0m     promotes_outputs[38;5;241m=[39m[[38;5;124m'[39m[38;5;124mf_abxy[39m[38;5;124m'[39m]
[1;32m     10[0m )
[1;32m     12[0m prob[38;5;241m.[39mmodel[38;5;241m.[39madd_subsystem(
[1;32m     13[0m     [38;5;124m'[39m[38;5;124muq[39m[38;5;124m'[39m,
[1;32m     14[0m     UQPCEGroup(
[0;32m   (...)[0m
[1;32m     23[0m     ]
[1;32m     24[0m )

File [0;32m~/.conda/envs/mbsae4me/lib/python3.8/site-packages/openmdao/core/problem.py:218[0m, in [0;36mProblem.__init__[0;34m(self, model, driver, comm, name, reports, **options)[0m
[1;32m    215[0m [38;5;28;01mglobal[39;00m _problem_names
[1;32m    217[0m [38;5;66;03m# this function doesn't do anything after the first call[39;00m
[0;32m--> 218[0m [43m_load_report_plugins[49m[43m([49m[43m)[49m
[1;32m    220[0m [38;5;28mself[39m[38;5;241m.[39m_driver [38;5;241m=[39m [38;5;28;01mNone[39;00m
[1;32m    221[0m [38;5;28mself[39m[38;5;241m.[39m_reports [38;5;241m=[39m get_reports_to_activate(reports)

File [0;32m~/.conda/envs/mbsae4me/lib/python3.8/site-packages/openmdao/utils/reports_system.py:616[0m, in [0;36m_load_report_plugins[0;34m()[0m
[1;32m    613[0m _plugins_loaded [38;5;241m=[39m [38;5;28;01mTrue[39;00m
[1;32m    615[0m [38;5;28;01mfor[39;00m ep [38;5;129;01min[39;00m _iter_entry_points([38;5;124m'[39m[38;5;124mopenmdao_report[39m[38;5;124m'[39m):
[0;32m--> 616[0m     register_func [38;5;241m=[39m [43mep[49m[38;5;241;43m.[39;49m[43mload[49m[43m([49m[43m)[49m
[1;32m    617[0m     register_func()

File [0;32m~/.conda/envs/mbsae4me/lib/python3.8/importlib/metadata.py:77[0m, in [0;36mEntryPoint.load[0;34m(self)[0m
[1;32m     72[0m [38;5;250m[39m[38;5;124;03m"""Load the entry point from its definition. If only a module[39;00m
[1;32m     73[0m [38;5;124;03mis indicated by the value, return that module. Otherwise,[39;00m
[1;32m     74[0m [38;5;124;03mreturn the named object.[39;00m
[1;32m     75[0m [38;5;124;03m"""[39;00m
[1;32m     76[0m match [38;5;241m=[39m [38;5;28mself[39m[38;5;241m.[39mpattern[38;5;241m.[39mmatch([38;5;28mself[39m[38;5;241m.[39mvalue)
[0;32m---> 77[0m module [38;5;241m=[39m [43mimport_module[49m[43m([49m[43mmatch[49m[38;5;241;43m.[39;49m[43mgroup[49m[43m([49m[38;5;124;43m'[39;49m[38;5;124;43mmodule[39;49m[38;5;124;43m'[39;49m[43m)[49m[43m)[49m
[1;32m     78[0m attrs [38;5;241m=[39m [38;5;28mfilter[39m([38;5;28;01mNone[39;00m, (match[38;5;241m.[39mgroup([38;5;124m'[39m[38;5;124mattr[39m[38;5;124m'[39m) [38;5;129;01mor[39;00m [38;5;124m'[39m[38;5;124m'[39m)[38;5;241m.[39msplit([38;5;124m'[39m[38;5;124m.[39m[38;5;124m'[39m))
[1;32m     79[0m [38;5;28;01mreturn[39;00m functools[38;5;241m.[39mreduce([38;5;28mgetattr[39m, attrs, module)

File [0;32m~/.conda/envs/mbsae4me/lib/python3.8/importlib/__init__.py:127[0m, in [0;36mimport_module[0;34m(name, package)[0m
[1;32m    125[0m             [38;5;28;01mbreak[39;00m
[1;32m    126[0m         level [38;5;241m+[39m[38;5;241m=[39m [38;5;241m1[39m
[0;32m--> 127[0m [38;5;28;01mreturn[39;00m [43m_bootstrap[49m[38;5;241;43m.[39;49m[43m_gcd_import[49m[43m([49m[43mname[49m[43m[[49m[43mlevel[49m[43m:[49m[43m][49m[43m,[49m[43m [49m[43mpackage[49m[43m,[49m[43m [49m[43mlevel[49m[43m)[49m

File [0;32m<frozen importlib._bootstrap>:1014[0m, in [0;36m_gcd_import[0;34m(name, package, level)[0m

File [0;32m<frozen importlib._bootstrap>:991[0m, in [0;36m_find_and_load[0;34m(name, import_)[0m

File [0;32m<frozen importlib._bootstrap>:961[0m, in [0;36m_find_and_load_unlocked[0;34m(name, import_)[0m

File [0;32m<frozen importlib._bootstrap>:219[0m, in [0;36m_call_with_frames_removed[0;34m(f, *args, **kwds)[0m

File [0;32m<frozen importlib._bootstrap>:1014[0m, in [0;36m_gcd_import[0;34m(name, package, level)[0m

File [0;32m<frozen importlib._bootstrap>:991[0m, in [0;36m_find_and_load[0;34m(name, import_)[0m

File [0;32m<frozen importlib._bootstrap>:961[0m, in [0;36m_find_and_load_unlocked[0;34m(name, import_)[0m

File [0;32m<frozen importlib._bootstrap>:219[0m, in [0;36m_call_with_frames_removed[0;34m(f, *args, **kwds)[0m

File [0;32m<frozen importlib._bootstrap>:1014[0m, in [0;36m_gcd_import[0;34m(name, package, level)[0m

File [0;32m<frozen importlib._bootstrap>:991[0m, in [0;36m_find_and_load[0;34m(name, import_)[0m

File [0;32m<frozen importlib._bootstrap>:973[0m, in [0;36m_find_and_load_unlocked[0;34m(name, import_)[0m

[0;31mModuleNotFoundError[0m: No module named 'aviary'
ModuleNotFoundError: No module named 'aviary'

